<?xml version="1.0" encoding="UTF-8"?>
<coverage generated="1712505290859" clover="3.2.0">
  <project timestamp="1712505290859" name="All files">
    <metrics statements="37" coveredstatements="29" conditionals="16" coveredconditionals="9" methods="18" coveredmethods="13" elements="71" coveredelements="51" complexity="0" loc="37" ncloc="37" packages="5" files="5" classes="5"/>
    <package name="components.buttons.dropdown">
      <metrics statements="8" coveredstatements="5" conditionals="10" coveredconditionals="6" methods="4" coveredmethods="3"/>
      <file name="index.tsx" path="C:\Users\hp\Desktop\Docs\All Work Docs\Important Documents\Projects\React Projects\nytimes-most-popular-articles-fe\src\components\buttons\dropdown\index.tsx">
        <metrics statements="8" coveredstatements="5" conditionals="10" coveredconditionals="6" methods="4" coveredmethods="3"/>
        <line num="5" count="2" type="stmt"/>
        <line num="10" count="5" type="stmt"/>
        <line num="11" count="5" type="stmt"/>
        <line num="17" count="0" type="stmt"/>
        <line num="31" count="15" type="stmt"/>
        <line num="38" count="2" type="cond" truecount="1" falsecount="1"/>
        <line num="39" count="0" type="stmt"/>
        <line num="40" count="0" type="stmt"/>
      </file>
    </package>
    <package name="components.content.articleCardContentBasic">
      <metrics statements="2" coveredstatements="2" conditionals="0" coveredconditionals="0" methods="1" coveredmethods="1"/>
      <file name="index.tsx" path="C:\Users\hp\Desktop\Docs\All Work Docs\Important Documents\Projects\React Projects\nytimes-most-popular-articles-fe\src\components\content\articleCardContentBasic\index.tsx">
        <metrics statements="2" coveredstatements="2" conditionals="0" coveredconditionals="0" methods="1" coveredmethods="1"/>
        <line num="3" count="3" type="stmt"/>
        <line num="7" count="16" type="stmt"/>
      </file>
    </package>
    <package name="components.content.articleCardContentNested">
      <metrics statements="3" coveredstatements="3" conditionals="0" coveredconditionals="0" methods="2" coveredmethods="2"/>
      <file name="index.tsx" path="C:\Users\hp\Desktop\Docs\All Work Docs\Important Documents\Projects\React Projects\nytimes-most-popular-articles-fe\src\components\content\articleCardContentNested\index.tsx">
        <metrics statements="3" coveredstatements="3" conditionals="0" coveredconditionals="0" methods="2" coveredmethods="2"/>
        <line num="3" count="3" type="stmt"/>
        <line num="7" count="5" type="stmt"/>
        <line num="11" count="9" type="stmt"/>
      </file>
    </package>
    <package name="pages.feed">
      <metrics statements="17" coveredstatements="13" conditionals="2" coveredconditionals="1" methods="7" coveredmethods="4"/>
      <file name="index.tsx" path="C:\Users\hp\Desktop\Docs\All Work Docs\Important Documents\Projects\React Projects\nytimes-most-popular-articles-fe\src\pages\feed\index.tsx">
        <metrics statements="17" coveredstatements="13" conditionals="2" coveredconditionals="1" methods="7" coveredmethods="4"/>
        <line num="9" count="1" type="stmt"/>
        <line num="10" count="2" type="stmt"/>
        <line num="12" count="2" type="stmt"/>
        <line num="14" count="2" type="stmt"/>
        <line num="15" count="2" type="stmt"/>
        <line num="17" count="2" type="stmt"/>
        <line num="18" count="1" type="stmt"/>
        <line num="20" count="1" type="stmt"/>
        <line num="21" count="1" type="cond" truecount="1" falsecount="1"/>
        <line num="22" count="1" type="stmt"/>
        <line num="24" count="0" type="stmt"/>
        <line num="28" count="0" type="stmt"/>
        <line num="32" count="2" type="stmt"/>
        <line num="33" count="1" type="stmt"/>
        <line num="37" count="2" type="stmt"/>
        <line num="51" count="0" type="stmt"/>
        <line num="56" count="0" type="stmt"/>
      </file>
    </package>
    <package name="sections.article">
      <metrics statements="7" coveredstatements="6" conditionals="4" coveredconditionals="2" methods="4" coveredmethods="3"/>
      <file name="index.tsx" path="C:\Users\hp\Desktop\Docs\All Work Docs\Important Documents\Projects\React Projects\nytimes-most-popular-articles-fe\src\sections\article\index.tsx">
        <metrics statements="7" coveredstatements="6" conditionals="4" coveredconditionals="2" methods="4" coveredmethods="3"/>
        <line num="11" count="2" type="stmt"/>
        <line num="34" count="1" type="stmt"/>
        <line num="36" count="1" type="stmt"/>
        <line num="37" count="0" type="stmt"/>
        <line num="40" count="1" type="stmt"/>
        <line num="77" count="1" type="stmt"/>
        <line num="86" count="1" type="stmt"/>
      </file>
    </package>
  </project>
</coverage>
