{"C:\\Users\\hp\\Desktop\\Docs\\All Work Docs\\Important Documents\\Projects\\React Projects\\nytimes-most-popular-articles-fe\\src\\components\\buttons\\dropdown\\index.tsx": {"path":"C:\\Users\\hp\\Desktop\\Docs\\All Work Docs\\Important Documents\\Projects\\React Projects\\nytimes-most-popular-articles-fe\\src\\components\\buttons\\dropdown\\index.tsx","statementMap":{"0":{"start":{"line":5,"column":17},"end":{"line":50,"column":1}},"1":{"start":{"line":10,"column":26},"end":{"line":10,"column":41}},"2":{"start":{"line":11,"column":2},"end":{"line":49,"column":4}},"3":{"start":{"line":17,"column":23},"end":{"line":17,"column":37}},"4":{"start":{"line":31,"column":10},"end":{"line":45,"column":15}},"5":{"start":{"line":38,"column":14},"end":{"line":41,"column":15}},"6":{"start":{"line":39,"column":16},"end":{"line":39,"column":45}},"7":{"start":{"line":40,"column":16},"end":{"line":40,"column":31}}},"fnMap":{"0":{"name":"(anonymous_0)","decl":{"start":{"line":5,"column":17},"end":{"line":5,"column":18}},"loc":{"start":{"line":9,"column":34},"end":{"line":50,"column":1}},"line":9},"1":{"name":"(anonymous_1)","decl":{"start":{"line":17,"column":17},"end":{"line":17,"column":18}},"loc":{"start":{"line":17,"column":23},"end":{"line":17,"column":37}},"line":17},"2":{"name":"(anonymous_2)","decl":{"start":{"line":30,"column":22},"end":{"line":30,"column":23}},"loc":{"start":{"line":31,"column":10},"end":{"line":45,"column":15}},"line":31},"3":{"name":"(anonymous_3)","decl":{"start":{"line":37,"column":21},"end":{"line":37,"column":22}},"loc":{"start":{"line":37,"column":27},"end":{"line":42,"column":13}},"line":37}},"branchMap":{"0":{"loc":{"start":{"line":19,"column":10},"end":{"line":19,"column":44}},"type":"binary-expr","locations":[{"start":{"line":19,"column":10},"end":{"line":19,"column":25}},{"start":{"line":19,"column":29},"end":{"line":19,"column":44}}],"line":19},"1":{"loc":{"start":{"line":23,"column":47},"end":{"line":23,"column":67}},"type":"binary-expr","locations":[{"start":{"line":23,"column":47},"end":{"line":23,"column":51}},{"start":{"line":23,"column":55},"end":{"line":23,"column":67}}],"line":23},"2":{"loc":{"start":{"line":27,"column":10},"end":{"line":27,"column":39}},"type":"cond-expr","locations":[{"start":{"line":27,"column":17},"end":{"line":27,"column":27}},{"start":{"line":27,"column":30},"end":{"line":27,"column":39}}],"line":27},"3":{"loc":{"start":{"line":35,"column":14},"end":{"line":35,"column":66}},"type":"binary-expr","locations":[{"start":{"line":35,"column":14},"end":{"line":35,"column":39}},{"start":{"line":35,"column":43},"end":{"line":35,"column":66}}],"line":35},"4":{"loc":{"start":{"line":38,"column":14},"end":{"line":41,"column":15}},"type":"if","locations":[{"start":{"line":38,"column":14},"end":{"line":41,"column":15}},{"start":{},"end":{}}],"line":38}},"s":{"0":2,"1":5,"2":5,"3":0,"4":15,"5":2,"6":0,"7":0},"f":{"0":5,"1":0,"2":15,"3":2},"b":{"0":[5,0],"1":[5,0],"2":[0,5],"3":[15,5],"4":[0,2]},"_coverageSchema":"1a1c01bbd47fc00a2c39e90264f33305004495a9","hash":"fb7242ccf29edec0cf92072cca3d87f0af365f3c"}
,"C:\\Users\\hp\\Desktop\\Docs\\All Work Docs\\Important Documents\\Projects\\React Projects\\nytimes-most-popular-articles-fe\\src\\components\\content\\articleCardContentBasic\\index.tsx": {"path":"C:\\Users\\hp\\Desktop\\Docs\\All Work Docs\\Important Documents\\Projects\\React Projects\\nytimes-most-popular-articles-fe\\src\\components\\content\\articleCardContentBasic\\index.tsx","statementMap":{"0":{"start":{"line":3,"column":32},"end":{"line":12,"column":1}},"1":{"start":{"line":7,"column":2},"end":{"line":11,"column":4}}},"fnMap":{"0":{"name":"(anonymous_0)","decl":{"start":{"line":3,"column":32},"end":{"line":3,"column":33}},"loc":{"start":{"line":6,"column":49},"end":{"line":12,"column":1}},"line":6}},"branchMap":{},"s":{"0":3,"1":16},"f":{"0":16},"b":{},"_coverageSchema":"1a1c01bbd47fc00a2c39e90264f33305004495a9","hash":"4ada39e669dc37652cd0ab46e3af82be33aa3e9a"}
,"C:\\Users\\hp\\Desktop\\Docs\\All Work Docs\\Important Documents\\Projects\\React Projects\\nytimes-most-popular-articles-fe\\src\\components\\content\\articleCardContentNested\\index.tsx": {"path":"C:\\Users\\hp\\Desktop\\Docs\\All Work Docs\\Important Documents\\Projects\\React Projects\\nytimes-most-popular-articles-fe\\src\\components\\content\\articleCardContentNested\\index.tsx","statementMap":{"0":{"start":{"line":3,"column":33},"end":{"line":15,"column":1}},"1":{"start":{"line":7,"column":2},"end":{"line":14,"column":4}},"2":{"start":{"line":11,"column":8},"end":{"line":11,"column":35}}},"fnMap":{"0":{"name":"(anonymous_0)","decl":{"start":{"line":3,"column":33},"end":{"line":3,"column":34}},"loc":{"start":{"line":6,"column":50},"end":{"line":15,"column":1}},"line":6},"1":{"name":"(anonymous_1)","decl":{"start":{"line":10,"column":20},"end":{"line":10,"column":21}},"loc":{"start":{"line":11,"column":8},"end":{"line":11,"column":35}},"line":11}},"branchMap":{},"s":{"0":3,"1":5,"2":9},"f":{"0":5,"1":9},"b":{},"_coverageSchema":"1a1c01bbd47fc00a2c39e90264f33305004495a9","hash":"a18ccbc074da0cc6c59192794d121de69078e64d"}
,"C:\\Users\\hp\\Desktop\\Docs\\All Work Docs\\Important Documents\\Projects\\React Projects\\nytimes-most-popular-articles-fe\\src\\constants\\index.ts": {"path":"C:\\Users\\hp\\Desktop\\Docs\\All Work Docs\\Important Documents\\Projects\\React Projects\\nytimes-most-popular-articles-fe\\src\\constants\\index.ts","statementMap":{"0":{"start":{"line":1,"column":37},"end":{"line":1,"column":47}}},"fnMap":{},"branchMap":{},"s":{"0":1},"f":{},"b":{},"_coverageSchema":"1a1c01bbd47fc00a2c39e90264f33305004495a9","hash":"7b20d7cb0a1ee2cbe5175e2e4eaf64d6b9c3d342"}
,"C:\\Users\\hp\\Desktop\\Docs\\All Work Docs\\Important Documents\\Projects\\React Projects\\nytimes-most-popular-articles-fe\\src\\pages\\feed\\index.tsx": {"path":"C:\\Users\\hp\\Desktop\\Docs\\All Work Docs\\Important Documents\\Projects\\React Projects\\nytimes-most-popular-articles-fe\\src\\pages\\feed\\index.tsx","statementMap":{"0":{"start":{"line":9,"column":13},"end":{"line":82,"column":1}},"1":{"start":{"line":10,"column":39},"end":{"line":10,"column":65}},"2":{"start":{"line":12,"column":30},"end":{"line":12,"column":62}},"3":{"start":{"line":13,"column":56},"end":{"line":13,"column":68}},"4":{"start":{"line":15,"column":33},"end":{"line":28,"column":3}},"5":{"start":{"line":16,"column":4},"end":{"line":27,"column":9}},"6":{"start":{"line":18,"column":21},"end":{"line":18,"column":44}},"7":{"start":{"line":19,"column":8},"end":{"line":23,"column":9}},"8":{"start":{"line":20,"column":10},"end":{"line":20,"column":39}},"9":{"start":{"line":22,"column":10},"end":{"line":22,"column":60}},"10":{"start":{"line":26,"column":8},"end":{"line":26,"column":59}},"11":{"start":{"line":30,"column":2},"end":{"line":33,"column":15}},"12":{"start":{"line":31,"column":4},"end":{"line":31,"column":29}},"13":{"start":{"line":35,"column":2},"end":{"line":81,"column":4}},"14":{"start":{"line":49,"column":39},"end":{"line":49,"column":53}},"15":{"start":{"line":54,"column":10},"end":{"line":77,"column":12}}},"fnMap":{"0":{"name":"(anonymous_0)","decl":{"start":{"line":9,"column":13},"end":{"line":9,"column":14}},"loc":{"start":{"line":9,"column":32},"end":{"line":82,"column":1}},"line":9},"1":{"name":"(anonymous_1)","decl":{"start":{"line":15,"column":33},"end":{"line":15,"column":34}},"loc":{"start":{"line":15,"column":45},"end":{"line":28,"column":3}},"line":15},"2":{"name":"(anonymous_2)","decl":{"start":{"line":17,"column":12},"end":{"line":17,"column":13}},"loc":{"start":{"line":17,"column":26},"end":{"line":24,"column":7}},"line":17},"3":{"name":"(anonymous_3)","decl":{"start":{"line":25,"column":13},"end":{"line":25,"column":14}},"loc":{"start":{"line":25,"column":22},"end":{"line":27,"column":7}},"line":25},"4":{"name":"(anonymous_4)","decl":{"start":{"line":30,"column":12},"end":{"line":30,"column":13}},"loc":{"start":{"line":30,"column":18},"end":{"line":33,"column":3}},"line":30},"5":{"name":"(anonymous_5)","decl":{"start":{"line":49,"column":30},"end":{"line":49,"column":31}},"loc":{"start":{"line":49,"column":39},"end":{"line":49,"column":53}},"line":49},"6":{"name":"(anonymous_6)","decl":{"start":{"line":53,"column":34},"end":{"line":53,"column":35}},"loc":{"start":{"line":54,"column":10},"end":{"line":77,"column":12}},"line":54}},"branchMap":{"0":{"loc":{"start":{"line":19,"column":8},"end":{"line":23,"column":9}},"type":"if","locations":[{"start":{"line":19,"column":8},"end":{"line":23,"column":9}},{"start":{"line":21,"column":15},"end":{"line":23,"column":9}}],"line":19}},"s":{"0":1,"1":2,"2":2,"3":2,"4":2,"5":1,"6":1,"7":1,"8":1,"9":0,"10":0,"11":2,"12":1,"13":2,"14":0,"15":0},"f":{"0":2,"1":1,"2":1,"3":0,"4":1,"5":0,"6":0},"b":{"0":[1,0]},"_coverageSchema":"1a1c01bbd47fc00a2c39e90264f33305004495a9","hash":"530e15deca5e70c21e832d797033ae9d2c2a98fa"}
,"C:\\Users\\hp\\Desktop\\Docs\\All Work Docs\\Important Documents\\Projects\\React Projects\\nytimes-most-popular-articles-fe\\src\\sections\\article\\index.tsx": {"path":"C:\\Users\\hp\\Desktop\\Docs\\All Work Docs\\Important Documents\\Projects\\React Projects\\nytimes-most-popular-articles-fe\\src\\sections\\article\\index.tsx","statementMap":{"0":{"start":{"line":11,"column":16},"end":{"line":103,"column":1}},"1":{"start":{"line":34,"column":30},"end":{"line":34,"column":45}},"2":{"start":{"line":36,"column":26},"end":{"line":38,"column":3}},"3":{"start":{"line":37,"column":4},"end":{"line":37,"column":23}},"4":{"start":{"line":40,"column":2},"end":{"line":102,"column":4}},"5":{"start":{"line":77,"column":12},"end":{"line":96,"column":18}},"6":{"start":{"line":86,"column":18},"end":{"line":93,"column":35}}},"fnMap":{"0":{"name":"(anonymous_0)","decl":{"start":{"line":11,"column":16},"end":{"line":11,"column":17}},"loc":{"start":{"line":33,"column":33},"end":{"line":103,"column":1}},"line":33},"1":{"name":"(anonymous_1)","decl":{"start":{"line":36,"column":26},"end":{"line":36,"column":27}},"loc":{"start":{"line":36,"column":32},"end":{"line":38,"column":3}},"line":36},"2":{"name":"(anonymous_2)","decl":{"start":{"line":76,"column":22},"end":{"line":76,"column":23}},"loc":{"start":{"line":77,"column":12},"end":{"line":96,"column":18}},"line":77},"3":{"name":"(anonymous_3)","decl":{"start":{"line":85,"column":49},"end":{"line":85,"column":50}},"loc":{"start":{"line":86,"column":18},"end":{"line":93,"column":35}},"line":86}},"branchMap":{"0":{"loc":{"start":{"line":49,"column":49},"end":{"line":49,"column":71}},"type":"binary-expr","locations":[{"start":{"line":49,"column":49},"end":{"line":49,"column":55}},{"start":{"line":49,"column":59},"end":{"line":49,"column":71}}],"line":49},"1":{"loc":{"start":{"line":54,"column":10},"end":{"line":54,"column":35}},"type":"cond-expr","locations":[{"start":{"line":54,"column":19},"end":{"line":54,"column":27}},{"start":{"line":54,"column":30},"end":{"line":54,"column":35}}],"line":54}},"s":{"0":2,"1":1,"2":1,"3":0,"4":1,"5":1,"6":1},"f":{"0":1,"1":0,"2":1,"3":1},"b":{"0":[1,0],"1":[0,1]},"_coverageSchema":"1a1c01bbd47fc00a2c39e90264f33305004495a9","hash":"8999691dc4b0e3badfff99521ba258fc9cd355a9"}
}
