{"C:\\Users\\hp\\Desktop\\Docs\\All Work Docs\\Important Documents\\Projects\\React Projects\\nytimes-most-popular-articles-fe\\src\\components\\buttons\\dropdown\\index.tsx": {"path":"C:\\Users\\hp\\Desktop\\Docs\\All Work Docs\\Important Documents\\Projects\\React Projects\\nytimes-most-popular-articles-fe\\src\\components\\buttons\\dropdown\\index.tsx","statementMap":{"0":{"start":{"line":5,"column":17},"end":{"line":50,"column":1}},"1":{"start":{"line":10,"column":26},"end":{"line":10,"column":41}},"2":{"start":{"line":11,"column":2},"end":{"line":49,"column":4}},"3":{"start":{"line":17,"column":23},"end":{"line":17,"column":37}},"4":{"start":{"line":31,"column":10},"end":{"line":45,"column":15}},"5":{"start":{"line":38,"column":14},"end":{"line":41,"column":15}},"6":{"start":{"line":39,"column":16},"end":{"line":39,"column":45}},"7":{"start":{"line":40,"column":16},"end":{"line":40,"column":31}}},"fnMap":{"0":{"name":"(anonymous_0)","decl":{"start":{"line":5,"column":17},"end":{"line":5,"column":18}},"loc":{"start":{"line":9,"column":34},"end":{"line":50,"column":1}},"line":9},"1":{"name":"(anonymous_1)","decl":{"start":{"line":17,"column":17},"end":{"line":17,"column":18}},"loc":{"start":{"line":17,"column":23},"end":{"line":17,"column":37}},"line":17},"2":{"name":"(anonymous_2)","decl":{"start":{"line":30,"column":22},"end":{"line":30,"column":23}},"loc":{"start":{"line":31,"column":10},"end":{"line":45,"column":15}},"line":31},"3":{"name":"(anonymous_3)","decl":{"start":{"line":37,"column":21},"end":{"line":37,"column":22}},"loc":{"start":{"line":37,"column":27},"end":{"line":42,"column":13}},"line":37}},"branchMap":{"0":{"loc":{"start":{"line":19,"column":10},"end":{"line":19,"column":44}},"type":"binary-expr","locations":[{"start":{"line":19,"column":10},"end":{"line":19,"column":25}},{"start":{"line":19,"column":29},"end":{"line":19,"column":44}}],"line":19},"1":{"loc":{"start":{"line":23,"column":47},"end":{"line":23,"column":67}},"type":"binary-expr","locations":[{"start":{"line":23,"column":47},"end":{"line":23,"column":51}},{"start":{"line":23,"column":55},"end":{"line":23,"column":67}}],"line":23},"2":{"loc":{"start":{"line":27,"column":10},"end":{"line":27,"column":39}},"type":"cond-expr","locations":[{"start":{"line":27,"column":17},"end":{"line":27,"column":27}},{"start":{"line":27,"column":30},"end":{"line":27,"column":39}}],"line":27},"3":{"loc":{"start":{"line":35,"column":14},"end":{"line":35,"column":66}},"type":"binary-expr","locations":[{"start":{"line":35,"column":14},"end":{"line":35,"column":39}},{"start":{"line":35,"column":43},"end":{"line":35,"column":66}}],"line":35},"4":{"loc":{"start":{"line":38,"column":14},"end":{"line":41,"column":15}},"type":"if","locations":[{"start":{"line":38,"column":14},"end":{"line":41,"column":15}},{"start":{},"end":{}}],"line":38}},"s":{"0":2,"1":5,"2":5,"3":0,"4":15,"5":2,"6":0,"7":0},"f":{"0":5,"1":0,"2":15,"3":2},"b":{"0":[5,0],"1":[5,0],"2":[0,5],"3":[15,5],"4":[0,2]},"_coverageSchema":"1a1c01bbd47fc00a2c39e90264f33305004495a9","hash":"fb7242ccf29edec0cf92072cca3d87f0af365f3c"}
,"C:\\Users\\hp\\Desktop\\Docs\\All Work Docs\\Important Documents\\Projects\\React Projects\\nytimes-most-popular-articles-fe\\src\\components\\content\\articleCardContentBasic\\index.tsx": {"path":"C:\\Users\\hp\\Desktop\\Docs\\All Work Docs\\Important Documents\\Projects\\React Projects\\nytimes-most-popular-articles-fe\\src\\components\\content\\articleCardContentBasic\\index.tsx","statementMap":{"0":{"start":{"line":3,"column":32},"end":{"line":12,"column":1}},"1":{"start":{"line":7,"column":2},"end":{"line":11,"column":4}}},"fnMap":{"0":{"name":"(anonymous_0)","decl":{"start":{"line":3,"column":32},"end":{"line":3,"column":33}},"loc":{"start":{"line":6,"column":49},"end":{"line":12,"column":1}},"line":6}},"branchMap":{},"s":{"0":3,"1":16},"f":{"0":16},"b":{},"_coverageSchema":"1a1c01bbd47fc00a2c39e90264f33305004495a9","hash":"4ada39e669dc37652cd0ab46e3af82be33aa3e9a"}
,"C:\\Users\\hp\\Desktop\\Docs\\All Work Docs\\Important Documents\\Projects\\React Projects\\nytimes-most-popular-articles-fe\\src\\components\\content\\articleCardContentNested\\index.tsx": {"path":"C:\\Users\\hp\\Desktop\\Docs\\All Work Docs\\Important Documents\\Projects\\React Projects\\nytimes-most-popular-articles-fe\\src\\components\\content\\articleCardContentNested\\index.tsx","statementMap":{"0":{"start":{"line":3,"column":33},"end":{"line":15,"column":1}},"1":{"start":{"line":7,"column":2},"end":{"line":14,"column":4}},"2":{"start":{"line":11,"column":8},"end":{"line":11,"column":35}}},"fnMap":{"0":{"name":"(anonymous_0)","decl":{"start":{"line":3,"column":33},"end":{"line":3,"column":34}},"loc":{"start":{"line":6,"column":50},"end":{"line":15,"column":1}},"line":6},"1":{"name":"(anonymous_1)","decl":{"start":{"line":10,"column":20},"end":{"line":10,"column":21}},"loc":{"start":{"line":11,"column":8},"end":{"line":11,"column":35}},"line":11}},"branchMap":{},"s":{"0":3,"1":5,"2":9},"f":{"0":5,"1":9},"b":{},"_coverageSchema":"1a1c01bbd47fc00a2c39e90264f33305004495a9","hash":"a18ccbc074da0cc6c59192794d121de69078e64d"}
,"C:\\Users\\hp\\Desktop\\Docs\\All Work Docs\\Important Documents\\Projects\\React Projects\\nytimes-most-popular-articles-fe\\src\\pages\\feed\\index.tsx": {"path":"C:\\Users\\hp\\Desktop\\Docs\\All Work Docs\\Important Documents\\Projects\\React Projects\\nytimes-most-popular-articles-fe\\src\\pages\\feed\\index.tsx","statementMap":{"0":{"start":{"line":9,"column":13},"end":{"line":84,"column":1}},"1":{"start":{"line":10,"column":39},"end":{"line":10,"column":65}},"2":{"start":{"line":12,"column":31},"end":{"line":12,"column":41}},"3":{"start":{"line":14,"column":30},"end":{"line":14,"column":61}},"4":{"start":{"line":15,"column":56},"end":{"line":15,"column":68}},"5":{"start":{"line":17,"column":33},"end":{"line":30,"column":3}},"6":{"start":{"line":18,"column":4},"end":{"line":29,"column":9}},"7":{"start":{"line":20,"column":21},"end":{"line":20,"column":44}},"8":{"start":{"line":21,"column":8},"end":{"line":25,"column":9}},"9":{"start":{"line":22,"column":10},"end":{"line":22,"column":39}},"10":{"start":{"line":24,"column":10},"end":{"line":24,"column":60}},"11":{"start":{"line":28,"column":8},"end":{"line":28,"column":59}},"12":{"start":{"line":32,"column":2},"end":{"line":35,"column":15}},"13":{"start":{"line":33,"column":4},"end":{"line":33,"column":29}},"14":{"start":{"line":37,"column":2},"end":{"line":83,"column":4}},"15":{"start":{"line":51,"column":39},"end":{"line":51,"column":53}},"16":{"start":{"line":56,"column":10},"end":{"line":79,"column":12}}},"fnMap":{"0":{"name":"(anonymous_0)","decl":{"start":{"line":9,"column":13},"end":{"line":9,"column":14}},"loc":{"start":{"line":9,"column":32},"end":{"line":84,"column":1}},"line":9},"1":{"name":"(anonymous_1)","decl":{"start":{"line":17,"column":33},"end":{"line":17,"column":34}},"loc":{"start":{"line":17,"column":45},"end":{"line":30,"column":3}},"line":17},"2":{"name":"(anonymous_2)","decl":{"start":{"line":19,"column":12},"end":{"line":19,"column":13}},"loc":{"start":{"line":19,"column":26},"end":{"line":26,"column":7}},"line":19},"3":{"name":"(anonymous_3)","decl":{"start":{"line":27,"column":13},"end":{"line":27,"column":14}},"loc":{"start":{"line":27,"column":22},"end":{"line":29,"column":7}},"line":27},"4":{"name":"(anonymous_4)","decl":{"start":{"line":32,"column":12},"end":{"line":32,"column":13}},"loc":{"start":{"line":32,"column":18},"end":{"line":35,"column":3}},"line":32},"5":{"name":"(anonymous_5)","decl":{"start":{"line":51,"column":30},"end":{"line":51,"column":31}},"loc":{"start":{"line":51,"column":39},"end":{"line":51,"column":53}},"line":51},"6":{"name":"(anonymous_6)","decl":{"start":{"line":55,"column":34},"end":{"line":55,"column":35}},"loc":{"start":{"line":56,"column":10},"end":{"line":79,"column":12}},"line":56}},"branchMap":{"0":{"loc":{"start":{"line":21,"column":8},"end":{"line":25,"column":9}},"type":"if","locations":[{"start":{"line":21,"column":8},"end":{"line":25,"column":9}},{"start":{"line":23,"column":15},"end":{"line":25,"column":9}}],"line":21}},"s":{"0":1,"1":2,"2":2,"3":2,"4":2,"5":2,"6":1,"7":1,"8":1,"9":1,"10":0,"11":0,"12":2,"13":1,"14":2,"15":0,"16":0},"f":{"0":2,"1":1,"2":1,"3":0,"4":1,"5":0,"6":0},"b":{"0":[1,0]},"_coverageSchema":"1a1c01bbd47fc00a2c39e90264f33305004495a9","hash":"8a23b26f9a9487e26b357478278645bf4d369b7f"}
,"C:\\Users\\hp\\Desktop\\Docs\\All Work Docs\\Important Documents\\Projects\\React Projects\\nytimes-most-popular-articles-fe\\src\\sections\\article\\index.tsx": {"path":"C:\\Users\\hp\\Desktop\\Docs\\All Work Docs\\Important Documents\\Projects\\React Projects\\nytimes-most-popular-articles-fe\\src\\sections\\article\\index.tsx","statementMap":{"0":{"start":{"line":11,"column":16},"end":{"line":103,"column":1}},"1":{"start":{"line":34,"column":30},"end":{"line":34,"column":45}},"2":{"start":{"line":36,"column":26},"end":{"line":38,"column":3}},"3":{"start":{"line":37,"column":4},"end":{"line":37,"column":23}},"4":{"start":{"line":40,"column":2},"end":{"line":102,"column":4}},"5":{"start":{"line":77,"column":12},"end":{"line":96,"column":18}},"6":{"start":{"line":86,"column":18},"end":{"line":93,"column":35}}},"fnMap":{"0":{"name":"(anonymous_0)","decl":{"start":{"line":11,"column":16},"end":{"line":11,"column":17}},"loc":{"start":{"line":33,"column":33},"end":{"line":103,"column":1}},"line":33},"1":{"name":"(anonymous_1)","decl":{"start":{"line":36,"column":26},"end":{"line":36,"column":27}},"loc":{"start":{"line":36,"column":32},"end":{"line":38,"column":3}},"line":36},"2":{"name":"(anonymous_2)","decl":{"start":{"line":76,"column":22},"end":{"line":76,"column":23}},"loc":{"start":{"line":77,"column":12},"end":{"line":96,"column":18}},"line":77},"3":{"name":"(anonymous_3)","decl":{"start":{"line":85,"column":49},"end":{"line":85,"column":50}},"loc":{"start":{"line":86,"column":18},"end":{"line":93,"column":35}},"line":86}},"branchMap":{"0":{"loc":{"start":{"line":49,"column":49},"end":{"line":49,"column":71}},"type":"binary-expr","locations":[{"start":{"line":49,"column":49},"end":{"line":49,"column":55}},{"start":{"line":49,"column":59},"end":{"line":49,"column":71}}],"line":49},"1":{"loc":{"start":{"line":54,"column":10},"end":{"line":54,"column":35}},"type":"cond-expr","locations":[{"start":{"line":54,"column":19},"end":{"line":54,"column":27}},{"start":{"line":54,"column":30},"end":{"line":54,"column":35}}],"line":54}},"s":{"0":2,"1":1,"2":1,"3":0,"4":1,"5":1,"6":1},"f":{"0":1,"1":0,"2":1,"3":1},"b":{"0":[1,0],"1":[0,1]},"_coverageSchema":"1a1c01bbd47fc00a2c39e90264f33305004495a9","hash":"8999691dc4b0e3badfff99521ba258fc9cd355a9"}
}
