TN:
SF:src\components\buttons\dropdown\index.tsx
FN:5,(anonymous_0)
FN:17,(anonymous_1)
FN:30,(anonymous_2)
FN:37,(anonymous_3)
FNF:4
FNH:3
FNDA:5,(anonymous_0)
FNDA:0,(anonymous_1)
FNDA:15,(anonymous_2)
FNDA:2,(anonymous_3)
DA:5,2
DA:10,5
DA:11,5
DA:17,0
DA:31,15
DA:38,2
DA:39,0
DA:40,0
LF:8
LH:5
BRDA:19,0,0,5
BRDA:19,0,1,0
BRDA:23,1,0,5
BRDA:23,1,1,0
BRDA:27,2,0,0
BRDA:27,2,1,5
BRDA:35,3,0,15
BRDA:35,3,1,5
BRDA:38,4,0,0
BRDA:38,4,1,2
BRF:10
BRH:6
end_of_record
TN:
SF:src\components\content\articleCardContentBasic\index.tsx
FN:3,(anonymous_0)
FNF:1
FNH:1
FNDA:16,(anonymous_0)
DA:3,3
DA:7,16
LF:2
LH:2
BRF:0
BRH:0
end_of_record
TN:
SF:src\components\content\articleCardContentNested\index.tsx
FN:3,(anonymous_0)
FN:10,(anonymous_1)
FNF:2
FNH:2
FNDA:5,(anonymous_0)
FNDA:9,(anonymous_1)
DA:3,3
DA:7,5
DA:11,9
LF:3
LH:3
BRF:0
BRH:0
end_of_record
TN:
SF:src\constants\index.ts
FNF:0
FNH:0
DA:1,1
LF:1
LH:1
BRF:0
BRH:0
end_of_record
TN:
SF:src\pages\feed\index.tsx
FN:9,(anonymous_0)
FN:15,(anonymous_1)
FN:17,(anonymous_2)
FN:25,(anonymous_3)
FN:30,(anonymous_4)
FN:49,(anonymous_5)
FN:53,(anonymous_6)
FNF:7
FNH:4
FNDA:2,(anonymous_0)
FNDA:1,(anonymous_1)
FNDA:1,(anonymous_2)
FNDA:0,(anonymous_3)
FNDA:1,(anonymous_4)
FNDA:0,(anonymous_5)
FNDA:0,(anonymous_6)
DA:9,1
DA:10,2
DA:12,2
DA:13,2
DA:15,2
DA:16,1
DA:18,1
DA:19,1
DA:20,1
DA:22,0
DA:26,0
DA:30,2
DA:31,1
DA:35,2
DA:49,0
DA:54,0
LF:16
LH:12
BRDA:19,0,0,1
BRDA:19,0,1,0
BRF:2
BRH:1
end_of_record
TN:
SF:src\sections\article\index.tsx
FN:11,(anonymous_0)
FN:36,(anonymous_1)
FN:76,(anonymous_2)
FN:85,(anonymous_3)
FNF:4
FNH:3
FNDA:1,(anonymous_0)
FNDA:0,(anonymous_1)
FNDA:1,(anonymous_2)
FNDA:1,(anonymous_3)
DA:11,2
DA:34,1
DA:36,1
DA:37,0
DA:40,1
DA:77,1
DA:86,1
LF:7
LH:6
BRDA:49,0,0,1
BRDA:49,0,1,0
BRDA:54,1,0,0
BRDA:54,1,1,1
BRF:4
BRH:2
end_of_record
